<?xml version="1.0" encoding="UTF-8"?>
<!-- Generated by org.testng.reporters.JUnitReportReporter -->
<testsuite skipped="0" hostname="Balajis-MBP.lan" name="testcases.TC_001_logintest" tests="1" failures="0" timestamp="2022-10-09T19:33:13 CDT" time="10.082" errors="0">
  <testcase name="logintestnegative1" time="10.082" classname="testcases.TC_001_logintest"/>
  <system-out/>
</testsuite> <!-- testcases.TC_001_logintest -->
